/lustre/umt3/user/guhitj/Gitlab/netbasilisk/XRootD/AGLT2/Scripts/IndEnv/env/lib64/python3.6/site-packages/pandas/core/generic.py:3889: PerformanceWarning: dropping on a non-lexsorted multi-index without a level parameter may impact performance.
  obj = obj._drop_axis(labels, axis, level=level, errors=errors)
/lustre/umt3/user/guhitj/Gitlab/netbasilisk/XRootD/AGLT2/Scripts/IndEnv/env/lib64/python3.6/site-packages/pandas/core/generic.py:3889: PerformanceWarning: dropping on a non-lexsorted multi-index without a level parameter may impact performance.
  obj = obj._drop_axis(labels, axis, level=level, errors=errors)
/lustre/umt3/user/guhitj/Gitlab/netbasilisk/XRootD/AGLT2/Scripts/IndEnv/env/lib64/python3.6/site-packages/pandas/core/generic.py:3889: PerformanceWarning: dropping on a non-lexsorted multi-index without a level parameter may impact performance.
  obj = obj._drop_axis(labels, axis, level=level, errors=errors)
/lustre/umt3/user/guhitj/Gitlab/netbasilisk/XRootD/AGLT2/Scripts/IndEnv/env/lib64/python3.6/site-packages/pandas/core/generic.py:3889: PerformanceWarning: dropping on a non-lexsorted multi-index without a level parameter may impact performance.
  obj = obj._drop_axis(labels, axis, level=level, errors=errors)
/lustre/umt3/user/guhitj/Gitlab/netbasilisk/XRootD/AGLT2/Scripts/IndEnv/env/lib64/python3.6/site-packages/pandas/core/generic.py:3889: PerformanceWarning: dropping on a non-lexsorted multi-index without a level parameter may impact performance.
  obj = obj._drop_axis(labels, axis, level=level, errors=errors)
/lustre/umt3/user/guhitj/Gitlab/netbasilisk/XRootD/AGLT2/Scripts/IndEnv/env/lib64/python3.6/site-packages/pandas/core/generic.py:3889: PerformanceWarning: dropping on a non-lexsorted multi-index without a level parameter may impact performance.
  obj = obj._drop_axis(labels, axis, level=level, errors=errors)
/lustre/umt3/user/guhitj/Gitlab/netbasilisk/XRootD/AGLT2/Scripts/IndEnv/env/lib64/python3.6/site-packages/pandas/core/generic.py:3889: PerformanceWarning: dropping on a non-lexsorted multi-index without a level parameter may impact performance.
  obj = obj._drop_axis(labels, axis, level=level, errors=errors)
/lustre/umt3/user/guhitj/Gitlab/netbasilisk/XRootD/AGLT2/Scripts/IndEnv/env/lib64/python3.6/site-packages/pandas/core/generic.py:3889: PerformanceWarning: dropping on a non-lexsorted multi-index without a level parameter may impact performance.
  obj = obj._drop_axis(labels, axis, level=level, errors=errors)
/lustre/umt3/user/guhitj/Gitlab/netbasilisk/XRootD/AGLT2/Scripts/IndEnv/env/lib64/python3.6/site-packages/pandas/core/generic.py:3889: PerformanceWarning: dropping on a non-lexsorted multi-index without a level parameter may impact performance.
  obj = obj._drop_axis(labels, axis, level=level, errors=errors)
/lustre/umt3/user/guhitj/Gitlab/netbasilisk/XRootD/AGLT2/Scripts/IndEnv/env/lib64/python3.6/site-packages/pandas/core/generic.py:3889: PerformanceWarning: dropping on a non-lexsorted multi-index without a level parameter may impact performance.
  obj = obj._drop_axis(labels, axis, level=level, errors=errors)
/lustre/umt3/user/guhitj/Gitlab/netbasilisk/XRootD/AGLT2/Scripts/IndEnv/env/lib64/python3.6/site-packages/pandas/core/generic.py:3889: PerformanceWarning: dropping on a non-lexsorted multi-index without a level parameter may impact performance.
  obj = obj._drop_axis(labels, axis, level=level, errors=errors)
/lustre/umt3/user/guhitj/Gitlab/netbasilisk/XRootD/AGLT2/Scripts/IndEnv/env/lib64/python3.6/site-packages/pandas/core/generic.py:3889: PerformanceWarning: dropping on a non-lexsorted multi-index without a level parameter may impact performance.
  obj = obj._drop_axis(labels, axis, level=level, errors=errors)
Path exists:  /NetBASILISK/IndEnv/newAGLT2/EnvironmentMonitoring/Scripts/newAGLT2/Output/Output_20220509_1839/Raw/AGLT2_CHI
===line=== 620d46c684eff80106ffc4b5769f77e9f658cc7c3ee3cd847261da09570167f3
Request is good
et-1/0/1
sw2.star.omnipop.btaa.org
                   0
Input min   0.516117
      max   0.606705
      mean  0.572067
      std   0.035254
Path and file exists /NetBASILISK/IndEnv/newAGLT2/EnvironmentMonitoring/Scripts/newAGLT2/Output/Output_20220509_1839/Raw/AGLT2_CHI/AGLT2_CHI_input_0.csv
                    0
Output min   0.515942
       max   0.598080
       mean  0.551045
       std   0.031206
Path and file exists /NetBASILISK/IndEnv/newAGLT2/EnvironmentMonitoring/Scripts/newAGLT2/Output/Output_20220509_1839/Raw/AGLT2_CHI/AGLT2_CHI_output_0.csv
===line=== 696e977330667f44c13ffe5364446c96a2fa4cc9137b9e5ddbd23605bf489e12
Request is good
et-0/0/0
sw2.star.omnipop.btaa.org
                   0
Input min   0.023480
      max   0.036155
      mean  0.027352
      std   0.005144
Path and file exists /NetBASILISK/IndEnv/newAGLT2/EnvironmentMonitoring/Scripts/newAGLT2/Output/Output_20220509_1839/Raw/AGLT2_CHI/AGLT2_CHI_input_1.csv
                    0
Output min   0.096639
       max   0.137958
       mean  0.114644
       std   0.017896
Path and file exists /NetBASILISK/IndEnv/newAGLT2/EnvironmentMonitoring/Scripts/newAGLT2/Output/Output_20220509_1839/Raw/AGLT2_CHI/AGLT2_CHI_output_1.csv
===line=== fa5373adef061fa051ef458a8e028a84749385edb16955537eac43712b6ef72b
Request is good
et-1/0/0
sw2.star.omnipop.btaa.org
                   0
Input min   0.040387
      max   0.071079
      mean  0.052946
      std   0.013513
Path and file exists /NetBASILISK/IndEnv/newAGLT2/EnvironmentMonitoring/Scripts/newAGLT2/Output/Output_20220509_1839/Raw/AGLT2_CHI/AGLT2_CHI_input_2.csv
                    0
Output min   0.066737
       max   0.088372
       mean  0.079453
       std   0.009036
Path and file exists /NetBASILISK/IndEnv/newAGLT2/EnvironmentMonitoring/Scripts/newAGLT2/Output/Output_20220509_1839/Raw/AGLT2_CHI/AGLT2_CHI_output_2.csv
===line=== 939820268eaf905fae19a951a9bd73af2834017d0d2744229d71608b47afdf1c
Request is good
et-0/1/0
sw2.star.omnipop.btaa.org
                   0
Input min   1.913847
      max   2.435656
      mean  2.109578
      std   0.206862
Path and file exists /NetBASILISK/IndEnv/newAGLT2/EnvironmentMonitoring/Scripts/newAGLT2/Output/Output_20220509_1839/Raw/AGLT2_CHI/AGLT2_CHI_input_3.csv
                    0
Output min   0.180811
       max   0.281134
       mean  0.232924
       std   0.038193
Path and file exists /NetBASILISK/IndEnv/newAGLT2/EnvironmentMonitoring/Scripts/newAGLT2/Output/Output_20220509_1839/Raw/AGLT2_CHI/AGLT2_CHI_output_3.csv
===line=== d3947c64aa4ebd202cff06fb9c5e6badf51296db72ab3ba8ff01f35811d423ae
Request is good
et-0/1/0
sw2.600wchicag.omnipop.btaa.org
                   0
Input min   4.707743
      max   5.295602
      mean  5.036339
      std   0.248964
Path and file exists /NetBASILISK/IndEnv/newAGLT2/EnvironmentMonitoring/Scripts/newAGLT2/Output/Output_20220509_1839/Raw/AGLT2_CHI/AGLT2_CHI_input_4.csv
                    0
Output min   1.312253
       max   1.637591
       mean  1.454624
       std   0.133375
Path and file exists /NetBASILISK/IndEnv/newAGLT2/EnvironmentMonitoring/Scripts/newAGLT2/Output/Output_20220509_1839/Raw/AGLT2_CHI/AGLT2_CHI_output_4.csv
===line=== 1dd502cdcfac422ff031a6f097ef8385c7b4078b4a4b19081bb39c0dd86ddae7
Request is good
et-1/0/2
sw2.600wchicag.omnipop.btaa.org
                   0
Input min   4.543148
      max   5.526946
      mean  4.961146
      std   0.380715
Path and file exists /NetBASILISK/IndEnv/newAGLT2/EnvironmentMonitoring/Scripts/newAGLT2/Output/Output_20220509_1839/Raw/AGLT2_CHI/AGLT2_CHI_input_5.csv
                    0
Output min   1.176851
       max   1.809835
       mean  1.389296
       std   0.251861
Path and file exists /NetBASILISK/IndEnv/newAGLT2/EnvironmentMonitoring/Scripts/newAGLT2/Output/Output_20220509_1839/Raw/AGLT2_CHI/AGLT2_CHI_output_5.csv
