/lustre/umt3/user/guhitj/Gitlab/netbasilisk/XRootD/AGLT2/Scripts/IndEnv/env/lib64/python3.6/site-packages/pandas/core/generic.py:3889: PerformanceWarning: dropping on a non-lexsorted multi-index without a level parameter may impact performance.
  obj = obj._drop_axis(labels, axis, level=level, errors=errors)
/lustre/umt3/user/guhitj/Gitlab/netbasilisk/XRootD/AGLT2/Scripts/IndEnv/env/lib64/python3.6/site-packages/pandas/core/generic.py:3889: PerformanceWarning: dropping on a non-lexsorted multi-index without a level parameter may impact performance.
  obj = obj._drop_axis(labels, axis, level=level, errors=errors)
/lustre/umt3/user/guhitj/Gitlab/netbasilisk/XRootD/AGLT2/Scripts/IndEnv/env/lib64/python3.6/site-packages/pandas/core/generic.py:3889: PerformanceWarning: dropping on a non-lexsorted multi-index without a level parameter may impact performance.
  obj = obj._drop_axis(labels, axis, level=level, errors=errors)
/lustre/umt3/user/guhitj/Gitlab/netbasilisk/XRootD/AGLT2/Scripts/IndEnv/env/lib64/python3.6/site-packages/pandas/core/generic.py:3889: PerformanceWarning: dropping on a non-lexsorted multi-index without a level parameter may impact performance.
  obj = obj._drop_axis(labels, axis, level=level, errors=errors)
/lustre/umt3/user/guhitj/Gitlab/netbasilisk/XRootD/AGLT2/Scripts/IndEnv/env/lib64/python3.6/site-packages/pandas/core/generic.py:3889: PerformanceWarning: dropping on a non-lexsorted multi-index without a level parameter may impact performance.
  obj = obj._drop_axis(labels, axis, level=level, errors=errors)
/lustre/umt3/user/guhitj/Gitlab/netbasilisk/XRootD/AGLT2/Scripts/IndEnv/env/lib64/python3.6/site-packages/pandas/core/generic.py:3889: PerformanceWarning: dropping on a non-lexsorted multi-index without a level parameter may impact performance.
  obj = obj._drop_axis(labels, axis, level=level, errors=errors)
/lustre/umt3/user/guhitj/Gitlab/netbasilisk/XRootD/AGLT2/Scripts/IndEnv/env/lib64/python3.6/site-packages/pandas/core/generic.py:3889: PerformanceWarning: dropping on a non-lexsorted multi-index without a level parameter may impact performance.
  obj = obj._drop_axis(labels, axis, level=level, errors=errors)
/lustre/umt3/user/guhitj/Gitlab/netbasilisk/XRootD/AGLT2/Scripts/IndEnv/env/lib64/python3.6/site-packages/pandas/core/generic.py:3889: PerformanceWarning: dropping on a non-lexsorted multi-index without a level parameter may impact performance.
  obj = obj._drop_axis(labels, axis, level=level, errors=errors)
/lustre/umt3/user/guhitj/Gitlab/netbasilisk/XRootD/AGLT2/Scripts/IndEnv/env/lib64/python3.6/site-packages/pandas/core/generic.py:3889: PerformanceWarning: dropping on a non-lexsorted multi-index without a level parameter may impact performance.
  obj = obj._drop_axis(labels, axis, level=level, errors=errors)
/lustre/umt3/user/guhitj/Gitlab/netbasilisk/XRootD/AGLT2/Scripts/IndEnv/env/lib64/python3.6/site-packages/pandas/core/generic.py:3889: PerformanceWarning: dropping on a non-lexsorted multi-index without a level parameter may impact performance.
  obj = obj._drop_axis(labels, axis, level=level, errors=errors)
/lustre/umt3/user/guhitj/Gitlab/netbasilisk/XRootD/AGLT2/Scripts/IndEnv/env/lib64/python3.6/site-packages/pandas/core/generic.py:3889: PerformanceWarning: dropping on a non-lexsorted multi-index without a level parameter may impact performance.
  obj = obj._drop_axis(labels, axis, level=level, errors=errors)
/lustre/umt3/user/guhitj/Gitlab/netbasilisk/XRootD/AGLT2/Scripts/IndEnv/env/lib64/python3.6/site-packages/pandas/core/generic.py:3889: PerformanceWarning: dropping on a non-lexsorted multi-index without a level parameter may impact performance.
  obj = obj._drop_axis(labels, axis, level=level, errors=errors)
Path exists:  /NetBASILISK/IndEnv/newAGLT2/EnvironmentMonitoring/Scripts/newAGLT2/Output/Output_20220509_1851/Raw/AGLT2_CHI
===line=== 620d46c684eff80106ffc4b5769f77e9f658cc7c3ee3cd847261da09570167f3
Request is good
et-1/0/1
sw2.star.omnipop.btaa.org
                   0
Input min   0.500060
      max   0.599330
      mean  0.552896
      std   0.042164
Path and file exists /NetBASILISK/IndEnv/newAGLT2/EnvironmentMonitoring/Scripts/newAGLT2/Output/Output_20220509_1851/Raw/AGLT2_CHI/AGLT2_CHI_input_0.csv
                    0
Output min   0.547815
       max   1.036328
       mean  0.737081
       std   0.200094
Path and file exists /NetBASILISK/IndEnv/newAGLT2/EnvironmentMonitoring/Scripts/newAGLT2/Output/Output_20220509_1851/Raw/AGLT2_CHI/AGLT2_CHI_output_0.csv
===line=== 696e977330667f44c13ffe5364446c96a2fa4cc9137b9e5ddbd23605bf489e12
Request is good
et-0/0/0
sw2.star.omnipop.btaa.org
                   0
Input min   0.021902
      max   0.214789
      mean  0.074573
      std   0.082867
Path and file exists /NetBASILISK/IndEnv/newAGLT2/EnvironmentMonitoring/Scripts/newAGLT2/Output/Output_20220509_1851/Raw/AGLT2_CHI/AGLT2_CHI_input_1.csv
                    0
Output min   0.101043
       max   0.125321
       mean  0.111307
       std   0.012251
Path and file exists /NetBASILISK/IndEnv/newAGLT2/EnvironmentMonitoring/Scripts/newAGLT2/Output/Output_20220509_1851/Raw/AGLT2_CHI/AGLT2_CHI_output_1.csv
===line=== fa5373adef061fa051ef458a8e028a84749385edb16955537eac43712b6ef72b
Request is good
et-1/0/0
sw2.star.omnipop.btaa.org
                   0
Input min   0.029659
      max   0.223633
      mean  0.080350
      std   0.083070
Path and file exists /NetBASILISK/IndEnv/newAGLT2/EnvironmentMonitoring/Scripts/newAGLT2/Output/Output_20220509_1851/Raw/AGLT2_CHI/AGLT2_CHI_input_2.csv
                    0
Output min   0.097352
       max   0.108037
       mean  0.102252
       std   0.003811
Path and file exists /NetBASILISK/IndEnv/newAGLT2/EnvironmentMonitoring/Scripts/newAGLT2/Output/Output_20220509_1851/Raw/AGLT2_CHI/AGLT2_CHI_output_2.csv
===line=== 939820268eaf905fae19a951a9bd73af2834017d0d2744229d71608b47afdf1c
Request is good
et-0/1/0
sw2.star.omnipop.btaa.org
                   0
Input min   2.282585
      max   3.300670
      mean  2.565834
      std   0.414872
Path and file exists /NetBASILISK/IndEnv/newAGLT2/EnvironmentMonitoring/Scripts/newAGLT2/Output/Output_20220509_1851/Raw/AGLT2_CHI/AGLT2_CHI_input_3.csv
                    0
Output min   0.178149
       max   0.226340
       mean  0.198731
       std   0.017773
Path and file exists /NetBASILISK/IndEnv/newAGLT2/EnvironmentMonitoring/Scripts/newAGLT2/Output/Output_20220509_1851/Raw/AGLT2_CHI/AGLT2_CHI_output_3.csv
===line=== d3947c64aa4ebd202cff06fb9c5e6badf51296db72ab3ba8ff01f35811d423ae
Request is good
et-0/1/0
sw2.600wchicag.omnipop.btaa.org
                   0
Input min   4.161839
      max   5.287176
      mean  4.767856
      std   0.425042
Path and file exists /NetBASILISK/IndEnv/newAGLT2/EnvironmentMonitoring/Scripts/newAGLT2/Output/Output_20220509_1851/Raw/AGLT2_CHI/AGLT2_CHI_input_4.csv
                    0
Output min   1.714265
       max   2.223205
       mean  2.015929
       std   0.211605
Path and file exists /NetBASILISK/IndEnv/newAGLT2/EnvironmentMonitoring/Scripts/newAGLT2/Output/Output_20220509_1851/Raw/AGLT2_CHI/AGLT2_CHI_output_4.csv
===line=== 1dd502cdcfac422ff031a6f097ef8385c7b4078b4a4b19081bb39c0dd86ddae7
Request is good
et-1/0/2
sw2.600wchicag.omnipop.btaa.org
                   0
Input min   5.034180
      max   5.332978
      mean  5.170445
      std   0.115363
Path and file exists /NetBASILISK/IndEnv/newAGLT2/EnvironmentMonitoring/Scripts/newAGLT2/Output/Output_20220509_1851/Raw/AGLT2_CHI/AGLT2_CHI_input_5.csv
                    0
Output min   1.545048
       max   2.407826
       mean  1.864250
       std   0.353467
Path and file exists /NetBASILISK/IndEnv/newAGLT2/EnvironmentMonitoring/Scripts/newAGLT2/Output/Output_20220509_1851/Raw/AGLT2_CHI/AGLT2_CHI_output_5.csv
